<?xml version="1.0" encoding="UTF-8"?>
<!-- Generated by org.testng.reporters.JUnitXMLReporter -->
<testsuite ignored="0" hostname="DESKTOP-110TD7Q" failures="0" tests="3" name="Default test" time="27.478" errors="0" timestamp="2022-08-17T18:56:16 IST">
  <testcase classname="Practice_TestNG.Demo$demo2" name="test1" time="0.122"/>
  <testcase classname="Practice_TestNG.Demo$demo2" name="test2" time="0.14"/>
  <testcase classname="Practice_TestNG.Demo$demo2" name="test3" time="0.093"/>
</testsuite> <!-- Default test -->
