<?xml version="1.0" encoding="UTF-8"?>
<!-- Generated by org.testng.reporters.JUnitXMLReporter -->
<testsuite ignored="3" hostname="DESKTOP-110TD7Q" failures="0" tests="1" name="Test_Chrome" time="8.406" errors="0" timestamp="2022-08-15T22:20:57 IST">
  <testcase classname="Cross_Browser.Child_Class" name="Test3" time="0.014"/>
  <testcase classname="Cross_Browser.Child_Class" name="Test4" time="0.0">
    <ignored/>
  </testcase> <!-- Test4 -->
  <testcase classname="Cross_Browser.Child_Class" name="Test1" time="0.0">
    <ignored/>
  </testcase> <!-- Test1 -->
  <testcase classname="Cross_Browser.Child_Class" name="Test2" time="0.0">
    <ignored/>
  </testcase> <!-- Test2 -->
</testsuite> <!-- Test_Chrome -->
