<?xml version="1.0" encoding="UTF-8"?>
<!-- Generated by org.testng.reporters.JUnitXMLReporter -->
<testsuite ignored="0" hostname="DESKTOP-110TD7Q" failures="0" tests="3" name="Test" time="25.846" errors="0" timestamp="2022-08-17T19:04:27 IST">
  <testcase classname="Practice_TestNG.Demo$demo2" name="test1" time="0.112"/>
  <testcase classname="Practice_TestNG.Demo$demo2" name="test2" time="0.131"/>
  <testcase classname="Practice_TestNG.Demo$demo2" name="test3" time="0.097"/>
</testsuite> <!-- Test -->
