<?xml version="1.0" encoding="UTF-8"?>
<!-- Generated by org.testng.reporters.JUnitXMLReporter -->
<testsuite ignored="1" hostname="DESKTOP-110TD7Q" failures="1" tests="6" name="Test" time="0.139" errors="0" timestamp="2022-08-13T21:33:00 IST">
  <testcase classname="TestNG_Package.Keywords_A1" name="Test1" time="0.018"/>
  <testcase classname="TestNG_Package.Keywords_A1" name="Test1" time="0.003"/>
  <testcase classname="TestNG_Package.Keywords_A1" name="Test1" time="0.005"/>
  <testcase classname="TestNG_Package.Keywords_A1" name="Test3" time="0.002"/>
  <testcase classname="TestNG_Package.Keywords_A2" name="Test1" time="0.012">
    <failure type="java.lang.AssertionError" message="expected [true] but found [false]">
      <![CDATA[java.lang.AssertionError: expected [true] but found [false]
at TestNG_Package.Keywords_A2.Test1(Keywords_A2.java:12)
at java.base/java.util.ArrayList.forEach(ArrayList.java:1511)
... Removed 29 stack frames]]>
    </failure>
  </testcase> <!-- Test1 -->
  <testcase classname="TestNG_Package.Keywords_A2" name="Test2" time="0.0">
    <skipped/>
  </testcase> <!-- Test2 -->
  <testcase classname="TestNG_Package.Keywords_A1" name="Test2" time="0.0">
    <ignored/>
  </testcase> <!-- Test2 -->
</testsuite> <!-- Test -->
