<?xml version="1.0" encoding="UTF-8"?>
<testng-results ignored="0" total="3" passed="3" failed="0" skipped="0">
  <reporter-output>
  </reporter-output>
  <suite started-at="2022-08-17T19:04:01 IST" name="Suite" finished-at="2022-08-17T19:04:27 IST" duration-ms="25846">
    <groups>
      <group name="Sanity">
        <method signature="Demo$demo2.test1()[pri:0, instance:Practice_TestNG.Demo$demo2@79924b]" name="test1" class="Practice_TestNG.Demo$demo2"/>
      </group> <!-- Sanity -->
      <group name="Regression">
        <method signature="Demo$demo2.test2()[pri:0, instance:Practice_TestNG.Demo$demo2@79924b]" name="test2" class="Practice_TestNG.Demo$demo2"/>
      </group> <!-- Regression -->
      <group name="Critical Regression">
        <method signature="Demo$demo2.test3()[pri:0, instance:Practice_TestNG.Demo$demo2@79924b]" name="test3" class="Practice_TestNG.Demo$demo2"/>
      </group> <!-- Critical Regression -->
    </groups>
    <test started-at="2022-08-17T19:04:01 IST" name="Test" finished-at="2022-08-17T19:04:27 IST" duration-ms="25846">
      <class name="Practice_TestNG.Demo$demo2">
        <test-method is-config="true" signature="setup()[pri:0, instance:Practice_TestNG.Demo$demo2@79924b]" started-at="2022-08-17T19:04:02 IST" name="setup" finished-at="2022-08-17T19:04:09 IST" duration-ms="7941" status="PASS">
          <reporter-output>
          </reporter-output>
        </test-method> <!-- setup -->
        <test-method signature="test1()[pri:0, instance:Practice_TestNG.Demo$demo2@79924b]" started-at="2022-08-17T19:04:09 IST" name="test1" finished-at="2022-08-17T19:04:10 IST" duration-ms="112" status="PASS">
          <reporter-output>
          </reporter-output>
        </test-method> <!-- test1 -->
        <test-method is-config="true" signature="close()[pri:0, instance:Practice_TestNG.Demo$demo2@79924b]" started-at="2022-08-17T19:04:10 IST" name="close" finished-at="2022-08-17T19:04:12 IST" duration-ms="2508" status="PASS">
          <reporter-output>
          </reporter-output>
        </test-method> <!-- close -->
        <test-method is-config="true" signature="setup()[pri:0, instance:Practice_TestNG.Demo$demo2@79924b]" started-at="2022-08-17T19:04:12 IST" name="setup" finished-at="2022-08-17T19:04:18 IST" duration-ms="6089" status="PASS">
          <reporter-output>
          </reporter-output>
        </test-method> <!-- setup -->
        <test-method signature="test2()[pri:0, instance:Practice_TestNG.Demo$demo2@79924b]" started-at="2022-08-17T19:04:18 IST" name="test2" finished-at="2022-08-17T19:04:18 IST" duration-ms="131" status="PASS">
          <reporter-output>
          </reporter-output>
        </test-method> <!-- test2 -->
        <test-method is-config="true" signature="close()[pri:0, instance:Practice_TestNG.Demo$demo2@79924b]" started-at="2022-08-17T19:04:18 IST" name="close" finished-at="2022-08-17T19:04:21 IST" duration-ms="2486" status="PASS">
          <reporter-output>
          </reporter-output>
        </test-method> <!-- close -->
        <test-method is-config="true" signature="setup()[pri:0, instance:Practice_TestNG.Demo$demo2@79924b]" started-at="2022-08-17T19:04:21 IST" name="setup" finished-at="2022-08-17T19:04:27 IST" duration-ms="6095" status="PASS">
          <reporter-output>
          </reporter-output>
        </test-method> <!-- setup -->
        <test-method signature="test3()[pri:0, instance:Practice_TestNG.Demo$demo2@79924b]" started-at="2022-08-17T19:04:27 IST" name="test3" finished-at="2022-08-17T19:04:27 IST" duration-ms="97" status="PASS">
          <reporter-output>
          </reporter-output>
        </test-method> <!-- test3 -->
        <test-method is-config="true" signature="close()[pri:0, instance:Practice_TestNG.Demo$demo2@79924b]" started-at="2022-08-17T19:04:27 IST" name="close" finished-at="2022-08-17T19:04:27 IST" duration-ms="314" status="PASS">
          <reporter-output>
          </reporter-output>
        </test-method> <!-- close -->
      </class> <!-- Practice_TestNG.Demo$demo2 -->
    </test> <!-- Test -->
  </suite> <!-- Suite -->
</testng-results>
